{"D:\\hzq\\GitHub\\ts-npm-template\\dist\\index.js":{"path":"D:\\hzq\\GitHub\\ts-npm-template\\dist\\index.js","s":{"1":1,"2":1,"3":1,"4":0,"5":1,"6":0,"7":1},"b":{"1":[0,1],"2":[0,1]},"f":{"1":1},"fnMap":{"1":{"name":"(anonymous_1)","line":3,"loc":{"start":{"line":3,"column":14},"end":{"line":3,"column":30}}}},"statementMap":{"1":{"start":{"line":2,"column":0},"end":{"line":2,"column":62}},"2":{"start":{"line":3,"column":0},"end":{"line":7,"column":2}},"3":{"start":{"line":4,"column":4},"end":{"line":4,"column":32}},"4":{"start":{"line":4,"column":24},"end":{"line":4,"column":30}},"5":{"start":{"line":5,"column":4},"end":{"line":5,"column":32}},"6":{"start":{"line":5,"column":24},"end":{"line":5,"column":30}},"7":{"start":{"line":6,"column":4},"end":{"line":6,"column":17}}},"branchMap":{"1":{"line":4,"type":"if","locations":[{"start":{"line":4,"column":4},"end":{"line":4,"column":4}},{"start":{"line":4,"column":4},"end":{"line":4,"column":4}}]},"2":{"line":5,"type":"if","locations":[{"start":{"line":5,"column":4},"end":{"line":5,"column":4}},{"start":{"line":5,"column":4},"end":{"line":5,"column":4}}]}}}}